
> react-typescript-starter@0.1.0 test
> react-scripts test --coverage

Browserslist: caniuse-lite is outdated. Please run:
  npx browserslist@latest --update-db
  Why you should do it regularly: https://github.com/browserslist/browserslist#browsers-data-updating
PASS src/nested.test.ts
PASS src/arrays.test.ts
PASS src/objects.test.ts
PASS src/components/StartAttempt.test.tsx
PASS src/components/TwoDice.test.tsx
PASS src/form-components/MultipleChoiceQuestion.test.tsx
PASS src/bad-components/ChooseTeam.test.tsx
PASS src/bad-components/DoubleHalf.test.tsx
PASS src/functions.test.ts
PASS src/form-components/CheckAnswer.test.tsx
PASS src/form-components/EditMode.test.tsx
PASS src/components/ChangeType.test.tsx
PASS src/components/CycleHoliday.test.tsx
PASS src/form-components/GiveAttempts.test.tsx
PASS src/form-components/ChangeColor.test.tsx
PASS src/components/Counter.test.tsx
PASS src/components/RevealAnswer.test.tsx
PASS src/bad-components/ColoredBox.test.tsx
PASS src/bad-components/ShoveBox.test.tsx
PASS src/App.test.tsx
-----------------------------|---------|----------|---------|---------|-------------------
File                         | % Stmts | % Branch | % Funcs | % Lines | Uncovered Line #s 
-----------------------------|---------|----------|---------|---------|-------------------
All files                    |   98.51 |    97.65 |   99.23 |   98.49 |                   
 src                         |   97.63 |    97.22 |   98.66 |    97.6 |                   
  App.tsx                    |      50 |      100 |      50 |      50 | 50                
  arrays.ts                  |   98.59 |      100 |     100 |   98.55 | 179               
  functions.ts               |   94.73 |      100 |     100 |   94.73 | 28                
  nested.ts                  |   97.82 |    88.23 |     100 |   97.82 | 301,328           
  objects.ts                 |     100 |      100 |     100 |     100 |                   
 src/bad-components          |     100 |       50 |     100 |     100 |                   
  ChooseTeam.tsx             |     100 |       50 |     100 |     100 | 19                
  ColoredBox.tsx             |     100 |      100 |     100 |     100 |                   
  DoubleHalf.tsx             |     100 |      100 |     100 |     100 |                   
  ShoveBox.tsx               |     100 |      100 |     100 |     100 |                   
 src/components              |     100 |      100 |     100 |     100 |                   
  ChangeType.tsx             |     100 |      100 |     100 |     100 |                   
  Counter.tsx                |     100 |      100 |     100 |     100 |                   
  CycleHoliday.tsx           |     100 |      100 |     100 |     100 |                   
  RevealAnswer.tsx           |     100 |      100 |     100 |     100 |                   
  StartAttempt.tsx           |     100 |      100 |     100 |     100 |                   
  TwoDice.tsx                |     100 |      100 |     100 |     100 |                   
 src/form-components         |     100 |      100 |     100 |     100 |                   
  ChangeColor.tsx            |     100 |      100 |     100 |     100 |                   
  CheckAnswer.tsx            |     100 |      100 |     100 |     100 |                   
  EditMode.tsx               |     100 |      100 |     100 |     100 |                   
  GiveAttempts.tsx           |     100 |      100 |     100 |     100 |                   
  MultipleChoiceQuestion.tsx |     100 |      100 |     100 |     100 |                   
 src/interfaces              |       0 |        0 |       0 |       0 |                   
  answer.ts                  |       0 |        0 |       0 |       0 |                   
  question.ts                |       0 |        0 |       0 |       0 |                   
-----------------------------|---------|----------|---------|---------|-------------------

Test Suites: 20 passed, 20 total
Tests:       134 passed, 134 total
Snapshots:   0 total
Time:        12.493 s
Ran all test suites.
